<?xml version="1.0" encoding="UTF-8"?>
<!-- Generated by org.testng.reporters.JUnitXMLReporter -->
<testsuite ignored="0" hostname="LAPTOP-V746OSEM" failures="0" tests="18" name="Test" time="37.823" errors="0" timestamp="2021-12-02T11:33:18 IST">
  <testcase classname="APITest.badgeID_positive" name="badgeIDWithMax" time="3.428"/>
  <testcase classname="APITest.badgeID_positive" name="badgeIDWithMin" time="1.481"/>
  <testcase classname="APITest.badgeID_positive" name="badgeIDWithOrderAscSortRank" time="2.606"/>
  <testcase classname="APITest.badgeID_positive" name="badgeIDWithOrderDescSortRank" time="1.721"/>
  <testcase classname="APITest.badgeID_positive" name="badgeIDWithSortName" time="1.978"/>
  <testcase classname="APITest.badgeID_positive" name="badgeIDWithSortType" time="3.016"/>
  <testcase classname="APITest.badgeID_negative" name="badgeIDWithIDAsZero" time="2.008"/>
  <testcase classname="APITest.badgeID_negative" name="badgeIDWithInvalidOrder" time="1.424"/>
  <testcase classname="APITest.badgeID_negative" name="badgeIDWithInvalidSite" time="1.449"/>
  <testcase classname="APITest.badgeID_negative" name="badgeIDWithInvalidSort" time="1.439"/>
  <testcase classname="APITest.badgeID_negative" name="badgeIDWithNegativeID" time="1.412"/>
  <testcase classname="APITest.badgeTags_positive" name="badgeTags" time="2.701"/>
  <testcase classname="APITest.badgeTags_negative" name="badgeTagsWithInvalidOrder" time="1.768"/>
  <testcase classname="APITest.badgeTags_negative" name="badgeTagsWithInvalidSite" time="1.412"/>
  <testcase classname="APITest.badgeTags_negative" name="badgeTagsWithInvalidSort" time="1.428"/>
  <testcase classname="APITest.badgeReceipent_positive" name="badgeReceipent" time="3.069"/>
  <testcase classname="APITest.badgeReceipent_negative" name="badgeIDWithSiteValueAsInteger" time="1.413"/>
  <testcase classname="APITest.badgeReceipent_negative" name="badgeReceipentWithInvalidSite" time="2.441"/>
</testsuite> <!-- Test -->
