<?xml version="1.0" encoding="UTF-8"?>
<!-- Generated by org.testng.reporters.JUnitXMLReporter -->
<testsuite ignored="0" hostname="LAPTOP-V746OSEM" failures="0" tests="6" name="Test" time="11.591" errors="0" timestamp="2021-12-01T15:59:42 IST">
  <testcase classname="APITest.badgeID_positive" name="badgeIDWithMax" time="2.799"/>
  <testcase classname="APITest.badgeID_positive" name="badgeIDWithMin" time="1.842"/>
  <testcase classname="APITest.badgeID_positive" name="badgeIDWithOrderAscSortRank" time="2.028"/>
  <testcase classname="APITest.badgeID_positive" name="badgeIDWithOrderDescSortRank" time="1.422"/>
  <testcase classname="APITest.badgeID_positive" name="badgeIDWithSortName" time="1.403"/>
  <testcase classname="APITest.badgeID_positive" name="badgeIDWithSortType" time="1.422"/>
</testsuite> <!-- Test -->
