<?xml version="1.0" encoding="UTF-8"?>
<testng-results ignored="0" total="6" passed="6" failed="0" skipped="0">
  <reporter-output>
  </reporter-output>
  <suite started-at="2021-12-01T15:59:31 IST" name="Suite" finished-at="2021-12-01T15:59:42 IST" duration-ms="11591">
    <groups>
    </groups>
    <test started-at="2021-12-01T15:59:31 IST" name="Test" finished-at="2021-12-01T15:59:42 IST" duration-ms="11591">
      <class name="PreRequisites.beforeSuiteTest">
        <test-method is-config="true" signature="createSuiteTest()[pri:0, instance:PreRequisites.beforeSuiteTest@517d4a0d]" started-at="2021-12-01T15:59:31 IST" name="createSuiteTest" finished-at="2021-12-01T15:59:31 IST" duration-ms="18" status="PASS">
          <reporter-output>
          </reporter-output>
        </test-method> <!-- createSuiteTest -->
      </class> <!-- PreRequisites.beforeSuiteTest -->
      <class name="APITest.badgeID_positive">
        <test-method is-config="true" signature="initializeProperties()[pri:0, instance:APITest.badgeID_positive@7241a47d]" started-at="2021-12-01T15:59:31 IST" name="initializeProperties" finished-at="2021-12-01T15:59:31 IST" duration-ms="0" status="PASS">
          <reporter-output>
          </reporter-output>
        </test-method> <!-- initializeProperties -->
        <test-method signature="badgeIDWithMax()[pri:0, instance:APITest.badgeID_positive@7241a47d]" started-at="2021-12-01T15:59:31 IST" name="badgeIDWithMax" finished-at="2021-12-01T15:59:33 IST" duration-ms="2799" status="PASS">
          <reporter-output>
          </reporter-output>
        </test-method> <!-- badgeIDWithMax -->
        <test-method signature="badgeIDWithMin()[pri:0, instance:APITest.badgeID_positive@7241a47d]" started-at="2021-12-01T15:59:34 IST" name="badgeIDWithMin" finished-at="2021-12-01T15:59:36 IST" duration-ms="1842" status="PASS">
          <reporter-output>
          </reporter-output>
        </test-method> <!-- badgeIDWithMin -->
        <test-method signature="badgeIDWithOrderAscSortRank()[pri:0, instance:APITest.badgeID_positive@7241a47d]" started-at="2021-12-01T15:59:36 IST" name="badgeIDWithOrderAscSortRank" finished-at="2021-12-01T15:59:38 IST" duration-ms="2028" status="PASS">
          <reporter-output>
          </reporter-output>
        </test-method> <!-- badgeIDWithOrderAscSortRank -->
        <test-method signature="badgeIDWithOrderDescSortRank()[pri:0, instance:APITest.badgeID_positive@7241a47d]" started-at="2021-12-01T15:59:38 IST" name="badgeIDWithOrderDescSortRank" finished-at="2021-12-01T15:59:39 IST" duration-ms="1422" status="PASS">
          <reporter-output>
          </reporter-output>
        </test-method> <!-- badgeIDWithOrderDescSortRank -->
        <test-method signature="badgeIDWithSortName()[pri:0, instance:APITest.badgeID_positive@7241a47d]" started-at="2021-12-01T15:59:39 IST" name="badgeIDWithSortName" finished-at="2021-12-01T15:59:41 IST" duration-ms="1403" status="PASS">
          <reporter-output>
          </reporter-output>
        </test-method> <!-- badgeIDWithSortName -->
        <test-method signature="badgeIDWithSortType()[pri:0, instance:APITest.badgeID_positive@7241a47d]" started-at="2021-12-01T15:59:41 IST" name="badgeIDWithSortType" finished-at="2021-12-01T15:59:42 IST" duration-ms="1422" status="PASS">
          <reporter-output>
          </reporter-output>
        </test-method> <!-- badgeIDWithSortType -->
      </class> <!-- APITest.badgeID_positive -->
    </test> <!-- Test -->
  </suite> <!-- Suite -->
</testng-results>
