<?xml version="1.0" encoding="UTF-8"?>
<testsuite xmlns:xsi="http://www.w3.org/2001/XMLSchema-instance" xsi:noNamespaceSchemaLocation="https://maven.apache.org/surefire/maven-surefire-plugin/xsd/surefire-test-report-3.0.xsd" version="3.0" name="TestSuite" time="12.435" tests="6" errors="0" skipped="0" failures="0">
  <properties>
[...]
</properties>
  <testcase name="badgeIDWithMax" classname="APITest.badgeID_positive" time="3.14"/>
  <testcase name="badgeIDWithMin" classname="APITest.badgeID_positive" time="1.906"/>
  <testcase name="badgeIDWithOrderAscSortRank" classname="APITest.badgeID_positive" time="2.087"/>
  <testcase name="badgeIDWithOrderDescSortRank" classname="APITest.badgeID_positive" time="1.52"/>
  <testcase name="badgeIDWithSortName" classname="APITest.badgeID_positive" time="1.447"/>
  <testcase name="badgeIDWithSortType" classname="APITest.badgeID_positive" time="1.468"/>
</testsuite>