<?xml version="1.0" encoding="UTF-8"?>
<testng-results ignored="0" total="18" passed="18" failed="0" skipped="0">
  <reporter-output>
  </reporter-output>
  <suite started-at="2021-12-02T11:32:40 IST" name="Suite" finished-at="2021-12-02T11:33:18 IST" duration-ms="37823">
    <groups>
    </groups>
    <test started-at="2021-12-02T11:32:40 IST" name="Test" finished-at="2021-12-02T11:33:18 IST" duration-ms="37823">
      <class name="APITest.badgeID_negative">
        <test-method signature="badgeIDWithIDAsZero()[pri:0, instance:APITest.badgeID_negative@366ac49b]" started-at="2021-12-02T11:32:55 IST" name="badgeIDWithIDAsZero" finished-at="2021-12-02T11:32:57 IST" duration-ms="2008" status="PASS">
          <reporter-output>
          </reporter-output>
        </test-method> <!-- badgeIDWithIDAsZero -->
        <test-method is-config="true" signature="initializeProperties()[pri:0, instance:APITest.badgeID_negative@366ac49b]" started-at="2021-12-02T11:32:55 IST" name="initializeProperties" finished-at="2021-12-02T11:32:55 IST" duration-ms="0" status="PASS">
          <reporter-output>
          </reporter-output>
        </test-method> <!-- initializeProperties -->
        <test-method signature="badgeIDWithInvalidOrder()[pri:0, instance:APITest.badgeID_negative@366ac49b]" started-at="2021-12-02T11:32:57 IST" name="badgeIDWithInvalidOrder" finished-at="2021-12-02T11:32:59 IST" duration-ms="1424" status="PASS">
          <reporter-output>
          </reporter-output>
        </test-method> <!-- badgeIDWithInvalidOrder -->
        <test-method signature="badgeIDWithInvalidSite()[pri:0, instance:APITest.badgeID_negative@366ac49b]" started-at="2021-12-02T11:32:59 IST" name="badgeIDWithInvalidSite" finished-at="2021-12-02T11:33:00 IST" duration-ms="1449" status="PASS">
          <reporter-output>
          </reporter-output>
        </test-method> <!-- badgeIDWithInvalidSite -->
        <test-method signature="badgeIDWithInvalidSort()[pri:0, instance:APITest.badgeID_negative@366ac49b]" started-at="2021-12-02T11:33:00 IST" name="badgeIDWithInvalidSort" finished-at="2021-12-02T11:33:02 IST" duration-ms="1439" status="PASS">
          <reporter-output>
          </reporter-output>
        </test-method> <!-- badgeIDWithInvalidSort -->
        <test-method signature="badgeIDWithNegativeID()[pri:0, instance:APITest.badgeID_negative@366ac49b]" started-at="2021-12-02T11:33:02 IST" name="badgeIDWithNegativeID" finished-at="2021-12-02T11:33:03 IST" duration-ms="1412" status="PASS">
          <reporter-output>
          </reporter-output>
        </test-method> <!-- badgeIDWithNegativeID -->
      </class> <!-- APITest.badgeID_negative -->
      <class name="APITest.badgeReceipent_negative">
        <test-method is-config="true" signature="initializeProperties()[pri:0, instance:APITest.badgeReceipent_negative@2cc44ad]" started-at="2021-12-02T11:33:14 IST" name="initializeProperties" finished-at="2021-12-02T11:33:14 IST" duration-ms="0" status="PASS">
          <reporter-output>
          </reporter-output>
        </test-method> <!-- initializeProperties -->
        <test-method signature="badgeIDWithSiteValueAsInteger()[pri:0, instance:APITest.badgeReceipent_negative@2cc44ad]" started-at="2021-12-02T11:33:14 IST" name="badgeIDWithSiteValueAsInteger" finished-at="2021-12-02T11:33:15 IST" duration-ms="1413" status="PASS">
          <reporter-output>
          </reporter-output>
        </test-method> <!-- badgeIDWithSiteValueAsInteger -->
        <test-method signature="badgeReceipentWithInvalidSite()[pri:0, instance:APITest.badgeReceipent_negative@2cc44ad]" started-at="2021-12-02T11:33:15 IST" name="badgeReceipentWithInvalidSite" finished-at="2021-12-02T11:33:18 IST" duration-ms="2441" status="PASS">
          <reporter-output>
          </reporter-output>
        </test-method> <!-- badgeReceipentWithInvalidSite -->
      </class> <!-- APITest.badgeReceipent_negative -->
      <class name="APITest.badgeTags_negative">
        <test-method is-config="true" signature="initializeProperties()[pri:0, instance:APITest.badgeTags_negative@56f0cc85]" started-at="2021-12-02T11:33:06 IST" name="initializeProperties" finished-at="2021-12-02T11:33:06 IST" duration-ms="0" status="PASS">
          <reporter-output>
          </reporter-output>
        </test-method> <!-- initializeProperties -->
        <test-method signature="badgeTagsWithInvalidOrder()[pri:0, instance:APITest.badgeTags_negative@56f0cc85]" started-at="2021-12-02T11:33:06 IST" name="badgeTagsWithInvalidOrder" finished-at="2021-12-02T11:33:08 IST" duration-ms="1768" status="PASS">
          <reporter-output>
          </reporter-output>
        </test-method> <!-- badgeTagsWithInvalidOrder -->
        <test-method signature="badgeTagsWithInvalidSite()[pri:0, instance:APITest.badgeTags_negative@56f0cc85]" started-at="2021-12-02T11:33:08 IST" name="badgeTagsWithInvalidSite" finished-at="2021-12-02T11:33:09 IST" duration-ms="1412" status="PASS">
          <reporter-output>
          </reporter-output>
        </test-method> <!-- badgeTagsWithInvalidSite -->
        <test-method signature="badgeTagsWithInvalidSort()[pri:0, instance:APITest.badgeTags_negative@56f0cc85]" started-at="2021-12-02T11:33:09 IST" name="badgeTagsWithInvalidSort" finished-at="2021-12-02T11:33:11 IST" duration-ms="1428" status="PASS">
          <reporter-output>
          </reporter-output>
        </test-method> <!-- badgeTagsWithInvalidSort -->
      </class> <!-- APITest.badgeTags_negative -->
      <class name="APITest.badgeTags_positive">
        <test-method signature="badgeTags()[pri:0, instance:APITest.badgeTags_positive@6ad59d92]" started-at="2021-12-02T11:33:03 IST" name="badgeTags" finished-at="2021-12-02T11:33:06 IST" duration-ms="2701" status="PASS">
          <reporter-output>
          </reporter-output>
        </test-method> <!-- badgeTags -->
        <test-method is-config="true" signature="initializeProperties()[pri:0, instance:APITest.badgeTags_positive@6ad59d92]" started-at="2021-12-02T11:33:03 IST" name="initializeProperties" finished-at="2021-12-02T11:33:03 IST" duration-ms="0" status="PASS">
          <reporter-output>
          </reporter-output>
        </test-method> <!-- initializeProperties -->
      </class> <!-- APITest.badgeTags_positive -->
      <class name="PreRequisites.beforeSuiteTest">
        <test-method is-config="true" signature="createSuiteTest()[pri:0, instance:PreRequisites.beforeSuiteTest@2a640157]" started-at="2021-12-02T11:32:40 IST" name="createSuiteTest" finished-at="2021-12-02T11:32:40 IST" duration-ms="13" status="PASS">
          <reporter-output>
          </reporter-output>
        </test-method> <!-- createSuiteTest -->
      </class> <!-- PreRequisites.beforeSuiteTest -->
      <class name="APITest.badgeReceipent_positive">
        <test-method is-config="true" signature="initializeProperties()[pri:0, instance:APITest.badgeReceipent_positive@62e20a76]" started-at="2021-12-02T11:33:11 IST" name="initializeProperties" finished-at="2021-12-02T11:33:11 IST" duration-ms="0" status="PASS">
          <reporter-output>
          </reporter-output>
        </test-method> <!-- initializeProperties -->
        <test-method signature="badgeReceipent()[pri:0, instance:APITest.badgeReceipent_positive@62e20a76]" started-at="2021-12-02T11:33:11 IST" name="badgeReceipent" finished-at="2021-12-02T11:33:14 IST" duration-ms="3069" status="PASS">
          <reporter-output>
          </reporter-output>
        </test-method> <!-- badgeReceipent -->
      </class> <!-- APITest.badgeReceipent_positive -->
      <class name="APITest.badgeID_positive">
        <test-method is-config="true" signature="initializeProperties()[pri:0, instance:APITest.badgeID_positive@7b84fcf8]" started-at="2021-12-02T11:32:40 IST" name="initializeProperties" finished-at="2021-12-02T11:32:40 IST" duration-ms="1" status="PASS">
          <reporter-output>
          </reporter-output>
        </test-method> <!-- initializeProperties -->
        <test-method signature="badgeIDWithMax()[pri:0, instance:APITest.badgeID_positive@7b84fcf8]" started-at="2021-12-02T11:32:40 IST" name="badgeIDWithMax" finished-at="2021-12-02T11:32:44 IST" duration-ms="3428" status="PASS">
          <reporter-output>
          </reporter-output>
        </test-method> <!-- badgeIDWithMax -->
        <test-method signature="badgeIDWithMin()[pri:0, instance:APITest.badgeID_positive@7b84fcf8]" started-at="2021-12-02T11:32:44 IST" name="badgeIDWithMin" finished-at="2021-12-02T11:32:45 IST" duration-ms="1481" status="PASS">
          <reporter-output>
          </reporter-output>
        </test-method> <!-- badgeIDWithMin -->
        <test-method signature="badgeIDWithOrderAscSortRank()[pri:0, instance:APITest.badgeID_positive@7b84fcf8]" started-at="2021-12-02T11:32:46 IST" name="badgeIDWithOrderAscSortRank" finished-at="2021-12-02T11:32:48 IST" duration-ms="2606" status="PASS">
          <reporter-output>
          </reporter-output>
        </test-method> <!-- badgeIDWithOrderAscSortRank -->
        <test-method signature="badgeIDWithOrderDescSortRank()[pri:0, instance:APITest.badgeID_positive@7b84fcf8]" started-at="2021-12-02T11:32:48 IST" name="badgeIDWithOrderDescSortRank" finished-at="2021-12-02T11:32:50 IST" duration-ms="1721" status="PASS">
          <reporter-output>
          </reporter-output>
        </test-method> <!-- badgeIDWithOrderDescSortRank -->
        <test-method signature="badgeIDWithSortName()[pri:0, instance:APITest.badgeID_positive@7b84fcf8]" started-at="2021-12-02T11:32:50 IST" name="badgeIDWithSortName" finished-at="2021-12-02T11:32:52 IST" duration-ms="1978" status="PASS">
          <reporter-output>
          </reporter-output>
        </test-method> <!-- badgeIDWithSortName -->
        <test-method signature="badgeIDWithSortType()[pri:0, instance:APITest.badgeID_positive@7b84fcf8]" started-at="2021-12-02T11:32:52 IST" name="badgeIDWithSortType" finished-at="2021-12-02T11:32:55 IST" duration-ms="3016" status="PASS">
          <reporter-output>
          </reporter-output>
        </test-method> <!-- badgeIDWithSortType -->
      </class> <!-- APITest.badgeID_positive -->
    </test> <!-- Test -->
  </suite> <!-- Suite -->
</testng-results>
